Using pre-set license
Built from '2020.3/staging' branch; Version is '2020.3.30f1 (1fb1bf06830e) revision 2077119'; Using compiler version '192528614'; Build Type 'Release'
OS: 'Windows 10  (10.0.19044) 64bit CoreSingleLanguage' Language: 'en' Physical Memory: 16179 MB
BatchMode: 1, IsHumanControllingUs: 0, StartBugReporterOnCrash: 0, Is64bit: 1, IsPro: 0

COMMAND LINE ARGUMENTS:
C:\Program Files\Unity\Hub\Editor\2020.3.30f1\Editor\Unity.exe
-adb2
-batchMode
-noUpm
-name
AssetImportWorker0
-projectPath
C:/Users/Emir/Desktop/Project-Bunshiki/Project Bunshiki
-logFile
Logs/AssetImportWorker0.log
-srvPort
49292
Successfully changed project path to: C:/Users/Emir/Desktop/Project-Bunshiki/Project Bunshiki
C:/Users/Emir/Desktop/Project-Bunshiki/Project Bunshiki
Using Asset Import Pipeline V2.
Refreshing native plugins compatible for Editor in 59.41 ms, found 3 plugins.
Preloading 0 native plugins for Editor in 0.00 ms.
Initialize engine version: 2020.3.30f1 (1fb1bf06830e)
[Subsystems] Discovering subsystems at path C:/Program Files/Unity/Hub/Editor/2020.3.30f1/Editor/Data/Resources/UnitySubsystems
[Subsystems] Discovering subsystems at path C:/Users/Emir/Desktop/Project-Bunshiki/Project Bunshiki/Assets
GfxDevice: creating device client; threaded=0
Direct3D:
    Version:  Direct3D 11.0 [level 11.1]
    Renderer: Intel(R) Iris(R) Xe MAX Graphics (ID=0x4905)
    Vendor:   
    VRAM:     3996 MB
    Driver:   30.0.101.1660
Initialize mono
Mono path[0] = 'C:/Program Files/Unity/Hub/Editor/2020.3.30f1/Editor/Data/Managed'
Mono path[1] = 'C:/Program Files/Unity/Hub/Editor/2020.3.30f1/Editor/Data/MonoBleedingEdge/lib/mono/unityjit'
Mono config path = 'C:/Program Files/Unity/Hub/Editor/2020.3.30f1/Editor/Data/MonoBleedingEdge/etc'
Using monoOptions --debugger-agent=transport=dt_socket,embedding=1,server=y,suspend=n,address=127.0.0.1:56532
Begin MonoManager ReloadAssembly
Registering precompiled unity dll's ...
Register platform support module: C:/Program Files/Unity/Hub/Editor/2020.3.30f1/Editor/Data/PlaybackEngines/WebGLSupport/UnityEditor.WebGL.Extensions.dll
Register platform support module: C:/Program Files/Unity/Hub/Editor/2020.3.30f1/Editor/Data/PlaybackEngines/WindowsStandaloneSupport/UnityEditor.WindowsStandalone.Extensions.dll
Registered in 0.002780 seconds.
Native extension for WindowsStandalone target not found
Native extension for WebGL target not found
Refreshing native plugins compatible for Editor in 91.20 ms, found 3 plugins.
Preloading 0 native plugins for Editor in 0.00 ms.
Mono: successfully reloaded assembly
- Completed reload, in  0.796 seconds
Domain Reload Profiling:
	ReloadAssembly (796ms)
		BeginReloadAssembly (84ms)
			ExecutionOrderSort (0ms)
			DisableScriptedObjects (0ms)
			BackupInstance (0ms)
			ReleaseScriptingObjects (0ms)
			CreateAndSetChildDomain (1ms)
		EndReloadAssembly (622ms)
			LoadAssemblies (82ms)
			RebuildTransferFunctionScriptingTraits (0ms)
			SetupTypeCache (181ms)
			ReleaseScriptCaches (0ms)
			RebuildScriptCaches (34ms)
			SetupLoadedEditorAssemblies (249ms)
				LogAssemblyErrors (0ms)
				InitializePlatformSupportModulesInManaged (5ms)
				SetLoadedEditorAssemblies (0ms)
				RefreshPlugins (91ms)
				BeforeProcessingInitializeOnLoad (22ms)
				ProcessInitializeOnLoadAttributes (102ms)
				ProcessInitializeOnLoadMethodAttributes (28ms)
				AfterProcessingInitializeOnLoad (0ms)
				EditorAssembliesLoaded (0ms)
			ExecutionOrderSort2 (0ms)
			AwakeInstancesAfterBackupRestoration (0ms)
Platform modules already initialized, skipping
Registering precompiled user dll's ...
Registered in 0.004141 seconds.
Begin MonoManager ReloadAssembly
Native extension for WindowsStandalone target not found
Native extension for WebGL target not found
Refreshing native plugins compatible for Editor in 77.81 ms, found 3 plugins.
Preloading 0 native plugins for Editor in 0.00 ms.
Mono: successfully reloaded assembly
- Completed reload, in  1.533 seconds
Domain Reload Profiling:
	ReloadAssembly (1534ms)
		BeginReloadAssembly (188ms)
			ExecutionOrderSort (0ms)
			DisableScriptedObjects (7ms)
			BackupInstance (0ms)
			ReleaseScriptingObjects (0ms)
			CreateAndSetChildDomain (26ms)
		EndReloadAssembly (1270ms)
			LoadAssemblies (119ms)
			RebuildTransferFunctionScriptingTraits (0ms)
			SetupTypeCache (378ms)
			ReleaseScriptCaches (0ms)
			RebuildScriptCaches (101ms)
			SetupLoadedEditorAssemblies (456ms)
				LogAssemblyErrors (0ms)
				InitializePlatformSupportModulesInManaged (4ms)
				SetLoadedEditorAssemblies (0ms)
				RefreshPlugins (78ms)
				BeforeProcessingInitializeOnLoad (97ms)
				ProcessInitializeOnLoadAttributes (253ms)
				ProcessInitializeOnLoadMethodAttributes (16ms)
				AfterProcessingInitializeOnLoad (7ms)
				EditorAssembliesLoaded (0ms)
			ExecutionOrderSort2 (0ms)
			AwakeInstancesAfterBackupRestoration (6ms)
Platform modules already initialized, skipping
========================================================================
Worker process is ready to serve import requests
Launched and connected shader compiler UnityShaderCompiler.exe after 0.07 seconds
Refreshing native plugins compatible for Editor in 0.80 ms, found 3 plugins.
Preloading 0 native plugins for Editor in 0.00 ms.
Unloading 2296 Unused Serialized files (Serialized files now loaded: 0)
System memory in use before: 111.7 MB.
System memory in use after: 111.8 MB.

Unloading 29 unused Assets to reduce memory usage. Loaded Objects now: 2741.
Total: 3.918300 ms (FindLiveObjects: 0.215900 ms CreateObjectMapping: 0.133500 ms MarkObjects: 3.408200 ms  DeleteObjects: 0.159300 ms)

AssetImportParameters requested are different than current active one (requested -> active):
  custom:framework-win-MediaFoundation: 216162199b28c13a410421893ffa2e32 -> 
  custom:video-decoder-ogg-theora: a1e56fd34408186e4bbccfd4996cb3dc -> 
  custom:container-muxer-webm: aa71ff27fc2769a1b78a27578f13a17b -> 
  custom:container-demuxer-webm: 4f35f7cbe854078d1ac9338744f61a02 -> 
  custom:container-demuxer-ogg: 62fdf1f143b41e24485cea50d1cbac27 -> 
  custom:video-encoder-webm-vp8: eb34c28f22e8b96e1ab97ce403110664 -> 
  custom:video-decoder-webm-vp8: 9c59270c3fd7afecdb556c50c9e8de78 -> 
  custom:audio-decoder-ogg-vorbis: bf7c407c2cedff20999df2af8eb42d56 -> 
  custom:audio-encoder-webm-vorbis: bf7c407c2cedff20999df2af8eb42d56 -> 
========================================================================
Received Import Request.
  path: Assets/Materials/Sprites/Enemies/CounterExampleOni-spritesheet.png
  artifactKey: Guid(a8588d69657048149984c8c08f6efd82) Importer(815301076,1909f56bfc062723c751e8b465ee728b)
Start importing Assets/Materials/Sprites/Enemies/CounterExampleOni-spritesheet.png using Guid(a8588d69657048149984c8c08f6efd82) Importer(815301076,1909f56bfc062723c751e8b465ee728b)  -> (artifact id: '644dfa69aa5576577133cac5d805e508') in 0.144716 seconds 
========================================================================
Received Import Request.
  Time since last request: 7.776621 seconds.
  path: Assets/Materials/Sprites/Enemies/CounterExampleOni-spritesheet.png
  artifactKey: Guid(a8588d69657048149984c8c08f6efd82) Importer(815301076,1909f56bfc062723c751e8b465ee728b)
Start importing Assets/Materials/Sprites/Enemies/CounterExampleOni-spritesheet.png using Guid(a8588d69657048149984c8c08f6efd82) Importer(815301076,1909f56bfc062723c751e8b465ee728b)  -> (artifact id: '722af2457d3259bbb4bbbd12f0f233d2') in 0.012515 seconds 
========================================================================
Received Import Request.
  Time since last request: 10.349499 seconds.
  path: Assets/Materials/Sprites/Enemies/CounterExampleOni-spritesheet.png
  artifactKey: Guid(a8588d69657048149984c8c08f6efd82) Importer(815301076,1909f56bfc062723c751e8b465ee728b)
Start importing Assets/Materials/Sprites/Enemies/CounterExampleOni-spritesheet.png using Guid(a8588d69657048149984c8c08f6efd82) Importer(815301076,1909f56bfc062723c751e8b465ee728b)  -> (artifact id: '3b6c818dfee2ec034a1fc1edd9343346') in 0.023377 seconds 
========================================================================
Received Import Request.
  Time since last request: 24.357122 seconds.
  path: Assets/Prefabs/0LevelSpecific/Level2 1
  artifactKey: Guid(18927bbdc6099954596f86f54dfb21b9) Importer(815301076,1909f56bfc062723c751e8b465ee728b)
Start importing Assets/Prefabs/0LevelSpecific/Level2 1 using Guid(18927bbdc6099954596f86f54dfb21b9) Importer(815301076,1909f56bfc062723c751e8b465ee728b)  -> (artifact id: 'f7e96367f8aa2d36e18d88d1d9fe2492') in 0.009864 seconds 
========================================================================
Received Import Request.
  Time since last request: 8.464591 seconds.
  path: Assets/Prefabs/0LevelSpecific/Level3 (TODO)
  artifactKey: Guid(18927bbdc6099954596f86f54dfb21b9) Importer(815301076,1909f56bfc062723c751e8b465ee728b)
Start importing Assets/Prefabs/0LevelSpecific/Level3 (TODO) using Guid(18927bbdc6099954596f86f54dfb21b9) Importer(815301076,1909f56bfc062723c751e8b465ee728b)  -> (artifact id: '0b2cd198bf4caa211b02c4742e5d9cf5') in 0.006697 seconds 
========================================================================
Received Import Request.
  Time since last request: 5.209347 seconds.
  path: Assets/Prefabs/0LevelSpecific/Level3 (TODO)/xLanternHead
  artifactKey: Guid(4fc031ba303b921479008819c229a002) Importer(815301076,1909f56bfc062723c751e8b465ee728b)
Start importing Assets/Prefabs/0LevelSpecific/Level3 (TODO)/xLanternHead using Guid(4fc031ba303b921479008819c229a002) Importer(815301076,1909f56bfc062723c751e8b465ee728b)  -> (artifact id: '04154a1ab30d7d8dac1843556d17f262') in 0.005623 seconds 
========================================================================
Received Import Request.
  Time since last request: 3.861266 seconds.
  path: Assets/Prefabs/0LevelSpecific/Level3 (TODO)/VerbOni2
  artifactKey: Guid(171ace42b6c975d4ebcb700cc71eaef3) Importer(815301076,1909f56bfc062723c751e8b465ee728b)
Start importing Assets/Prefabs/0LevelSpecific/Level3 (TODO)/VerbOni2 using Guid(171ace42b6c975d4ebcb700cc71eaef3) Importer(815301076,1909f56bfc062723c751e8b465ee728b)  -> (artifact id: '16e1ff6b4ce43abd6b85504da1a1e901') in 0.007992 seconds 
========================================================================
Received Import Request.
  Time since last request: 2.098994 seconds.
  path: Assets/Prefabs/0LevelSpecific/Level3 (TODO)/VerbOni1
  artifactKey: Guid(4894fa5da3567f84c83982ec3ba719e7) Importer(815301076,1909f56bfc062723c751e8b465ee728b)
Start importing Assets/Prefabs/0LevelSpecific/Level3 (TODO)/VerbOni1 using Guid(4894fa5da3567f84c83982ec3ba719e7) Importer(815301076,1909f56bfc062723c751e8b465ee728b)  -> (artifact id: 'e1da9b5d1d3cd2cd486176e029096736') in 0.005637 seconds 
========================================================================
Received Import Request.
  Time since last request: 17.303283 seconds.
  path: Assets/Prefabs/0LevelSpecific/Level3 (TODO)/CounterExOni1
  artifactKey: Guid(7201f4df727a0974699a266c4ee5350c) Importer(815301076,1909f56bfc062723c751e8b465ee728b)
Start importing Assets/Prefabs/0LevelSpecific/Level3 (TODO)/CounterExOni1 using Guid(7201f4df727a0974699a266c4ee5350c) Importer(815301076,1909f56bfc062723c751e8b465ee728b)  -> (artifact id: '8116487c9ca671f748f5d72883cf7855') in 0.006297 seconds 
========================================================================
Received Import Request.
  Time since last request: 24.722811 seconds.
  path: Assets/Prefabs/0LevelSpecific/Level3 (TODO)/CounterExOni1/L2-VerbOni1 (1).prefab
  artifactKey: Guid(7ac86ea5e0f2a4a48aa5ee2f74e20f93) Importer(815301076,1909f56bfc062723c751e8b465ee728b)
Start importing Assets/Prefabs/0LevelSpecific/Level3 (TODO)/CounterExOni1/L2-VerbOni1 (1).prefab using Guid(7ac86ea5e0f2a4a48aa5ee2f74e20f93) Importer(815301076,1909f56bfc062723c751e8b465ee728b)  -> (artifact id: 'eefc65c6f4b0d509e47d14baae262ffd') in 0.331908 seconds 
========================================================================
Received Import Request.
  Time since last request: 8.511279 seconds.
  path: Assets/Prefabs/0LevelSpecific/Level3 (TODO)/CounterExOni1/L3-CounterOni1.prefab
  artifactKey: Guid(7ac86ea5e0f2a4a48aa5ee2f74e20f93) Importer(815301076,1909f56bfc062723c751e8b465ee728b)
Start importing Assets/Prefabs/0LevelSpecific/Level3 (TODO)/CounterExOni1/L3-CounterOni1.prefab using Guid(7ac86ea5e0f2a4a48aa5ee2f74e20f93) Importer(815301076,1909f56bfc062723c751e8b465ee728b)  -> (artifact id: '9f63dc6109f41ef8b1882cdb5563505f') in 0.273925 seconds 
========================================================================
Received Prepare
Registering precompiled user dll's ...
Registered in 0.002471 seconds.
Begin MonoManager ReloadAssembly
Native extension for WindowsStandalone target not found
Native extension for WebGL target not found
Refreshing native plugins compatible for Editor in 0.61 ms, found 3 plugins.
Preloading 0 native plugins for Editor in 0.00 ms.
Mono: successfully reloaded assembly
- Completed reload, in  1.251 seconds
Domain Reload Profiling:
	ReloadAssembly (1252ms)
		BeginReloadAssembly (164ms)
			ExecutionOrderSort (0ms)
			DisableScriptedObjects (8ms)
			BackupInstance (0ms)
			ReleaseScriptingObjects (0ms)
			CreateAndSetChildDomain (58ms)
		EndReloadAssembly (1020ms)
			LoadAssemblies (107ms)
			RebuildTransferFunctionScriptingTraits (0ms)
			SetupTypeCache (342ms)
			ReleaseScriptCaches (1ms)
			RebuildScriptCaches (61ms)
			SetupLoadedEditorAssemblies (370ms)
				LogAssemblyErrors (0ms)
				InitializePlatformSupportModulesInManaged (5ms)
				SetLoadedEditorAssemblies (1ms)
				RefreshPlugins (1ms)
				BeforeProcessingInitializeOnLoad (95ms)
				ProcessInitializeOnLoadAttributes (254ms)
				ProcessInitializeOnLoadMethodAttributes (10ms)
				AfterProcessingInitializeOnLoad (5ms)
				EditorAssembliesLoaded (0ms)
			ExecutionOrderSort2 (0ms)
			AwakeInstancesAfterBackupRestoration (18ms)
Platform modules already initialized, skipping
Refreshing native plugins compatible for Editor in 0.85 ms, found 3 plugins.
Preloading 0 native plugins for Editor in 0.00 ms.
Unloading 2277 Unused Serialized files (Serialized files now loaded: 0)
System memory in use before: 113.5 MB.
System memory in use after: 113.6 MB.

Unloading 19 unused Assets to reduce memory usage. Loaded Objects now: 2755.
Total: 4.155100 ms (FindLiveObjects: 0.214800 ms CreateObjectMapping: 0.116000 ms MarkObjects: 3.682000 ms  DeleteObjects: 0.141000 ms)

AssetImportParameters requested are different than current active one (requested -> active):
  custom:framework-win-MediaFoundation: 216162199b28c13a410421893ffa2e32 -> 
  custom:video-decoder-ogg-theora: a1e56fd34408186e4bbccfd4996cb3dc -> 
  custom:container-muxer-webm: aa71ff27fc2769a1b78a27578f13a17b -> 
  custom:container-demuxer-webm: 4f35f7cbe854078d1ac9338744f61a02 -> 
  custom:container-demuxer-ogg: 62fdf1f143b41e24485cea50d1cbac27 -> 
  custom:video-encoder-webm-vp8: eb34c28f22e8b96e1ab97ce403110664 -> 
  custom:video-decoder-webm-vp8: 9c59270c3fd7afecdb556c50c9e8de78 -> 
  custom:audio-decoder-ogg-vorbis: bf7c407c2cedff20999df2af8eb42d56 -> 
  custom:audio-encoder-webm-vorbis: bf7c407c2cedff20999df2af8eb42d56 -> 
========================================================================
Received Import Request.
  Time since last request: 201.242436 seconds.
  path: Assets/Prefabs/0LevelSpecific/Level3 (TODO)/CounterExOni1/L3-CounterOni1 1.prefab
  artifactKey: Guid(adda9ea6773d0754794512f73c7a2b80) Importer(815301076,1909f56bfc062723c751e8b465ee728b)
Start importing Assets/Prefabs/0LevelSpecific/Level3 (TODO)/CounterExOni1/L3-CounterOni1 1.prefab using Guid(adda9ea6773d0754794512f73c7a2b80) Importer(815301076,1909f56bfc062723c751e8b465ee728b)  -> (artifact id: '9b550e69014cf377979497c00298bb93') in 0.392377 seconds 
========================================================================
Received Import Request.
  Time since last request: 4.796870 seconds.
  path: Assets/Prefabs/0LevelSpecific/Level3 (TODO)/CounterExOni1/L3-CounterOni1.prefab
  artifactKey: Guid(adda9ea6773d0754794512f73c7a2b80) Importer(815301076,1909f56bfc062723c751e8b465ee728b)
Start importing Assets/Prefabs/0LevelSpecific/Level3 (TODO)/CounterExOni1/L3-CounterOni1.prefab using Guid(adda9ea6773d0754794512f73c7a2b80) Importer(815301076,1909f56bfc062723c751e8b465ee728b)  -> (artifact id: '4b5f7745cfee5c9886015b6811217077') in 0.272227 seconds 
AssetImportWorkerClient::OnTransportError - code=2 error=End of file
